{"name": "test_post", "status": "failed", "statusDetails": {"message": "AssertionError: assert 200 == 201\n  +200\n  -201", "trace": "def test_post():\n        resp = post_api()\n        resp_body = resp.json()\n>       assert resp.status_code == 201\nE       assert 200 == 201\nE         +200\nE         -201\n\napi_tests\\get_test1.py:22: AssertionError"}, "start": 1601992731906, "stop": 1601992732402, "uuid": "d0d99735-0c67-4074-b0eb-1d08e104c327", "historyId": "a62490a324ac71ad9851426578b09c89", "testCaseId": "7412463be242820cfad70d256bc6f986", "fullName": "api_tests.get_test1#test_post", "labels": [{"name": "parentSuite", "value": "api_tests"}, {"name": "suite", "value": "get_test1"}, {"name": "host", "value": "LAPTOP-S31SRUR3"}, {"name": "thread", "value": "8740-MainThread"}, {"name": "framework", "value": "pytest"}, {"name": "language", "value": "cpython3"}, {"name": "package", "value": "api_tests.get_test1"}]}